22-Jul-2021 15:39:44.081 INFO [main] org.apache.catalina.core.ApplicationContext.log ContextListener: contextInitialized()
22-Jul-2021 15:39:44.081 INFO [main] org.apache.catalina.core.ApplicationContext.log SessionListener: contextInitialized()
22-Jul-2021 15:39:44.082 INFO [main] org.apache.catalina.core.ApplicationContext.log ContextListener: attributeAdded('StockTicker', 'async.Stockticker@62fe6067')
22-Jul-2021 15:56:26.660 INFO [main] org.apache.catalina.core.ApplicationContext.log SessionListener: contextDestroyed()
22-Jul-2021 15:56:26.660 INFO [main] org.apache.catalina.core.ApplicationContext.log ContextListener: contextDestroyed()
22-Jul-2021 15:56:51.331 INFO [main] org.apache.catalina.core.ApplicationContext.log ContextListener: contextInitialized()
22-Jul-2021 15:56:51.331 INFO [main] org.apache.catalina.core.ApplicationContext.log SessionListener: contextInitialized()
22-Jul-2021 15:56:51.332 INFO [main] org.apache.catalina.core.ApplicationContext.log ContextListener: attributeAdded('StockTicker', 'async.Stockticker@7e38a7fe')
22-Jul-2021 16:10:02.155 INFO [main] org.apache.catalina.core.ApplicationContext.log SessionListener: contextDestroyed()
22-Jul-2021 16:10:02.155 INFO [main] org.apache.catalina.core.ApplicationContext.log ContextListener: contextDestroyed()
22-Jul-2021 16:10:04.850 INFO [main] org.apache.catalina.core.ApplicationContext.log ContextListener: contextInitialized()
22-Jul-2021 16:10:04.850 INFO [main] org.apache.catalina.core.ApplicationContext.log SessionListener: contextInitialized()
22-Jul-2021 16:10:04.850 INFO [main] org.apache.catalina.core.ApplicationContext.log ContextListener: attributeAdded('StockTicker', 'async.Stockticker@2364305a')
22-Jul-2021 16:33:37.744 INFO [main] org.apache.catalina.core.ApplicationContext.log SessionListener: contextDestroyed()
22-Jul-2021 16:33:37.744 INFO [main] org.apache.catalina.core.ApplicationContext.log ContextListener: contextDestroyed()
22-Jul-2021 16:33:40.752 INFO [main] org.apache.catalina.core.ApplicationContext.log ContextListener: contextInitialized()
22-Jul-2021 16:33:40.752 INFO [main] org.apache.catalina.core.ApplicationContext.log SessionListener: contextInitialized()
22-Jul-2021 16:33:40.754 INFO [main] org.apache.catalina.core.ApplicationContext.log ContextListener: attributeAdded('StockTicker', 'async.Stockticker@5536379e')
22-Jul-2021 16:34:07.976 INFO [main] org.apache.catalina.core.ApplicationContext.log SessionListener: contextDestroyed()
22-Jul-2021 16:34:07.976 INFO [main] org.apache.catalina.core.ApplicationContext.log ContextListener: contextDestroyed()
22-Jul-2021 21:36:08.605 INFO [main] org.apache.catalina.core.ApplicationContext.log ContextListener: contextInitialized()
22-Jul-2021 21:36:08.605 INFO [main] org.apache.catalina.core.ApplicationContext.log SessionListener: contextInitialized()
22-Jul-2021 21:36:08.606 INFO [main] org.apache.catalina.core.ApplicationContext.log ContextListener: attributeAdded('StockTicker', 'async.Stockticker@1bc715b8')
22-Jul-2021 21:36:10.631 INFO [main] org.apache.catalina.core.ApplicationContext.log SessionListener: contextDestroyed()
22-Jul-2021 21:36:10.631 INFO [main] org.apache.catalina.core.ApplicationContext.log ContextListener: contextDestroyed()
